  [1m[36m (2.7ms)[0m  [1mCREATE TABLE "schema_migrations" ("version" varchar(255) NOT NULL) [0m
  [1m[35m (0.2ms)[0m  select sqlite_version(*)
  [1m[36m (3.1ms)[0m  [1mCREATE UNIQUE INDEX "unique_schema_migrations" ON "schema_migrations" ("version")[0m
  [1m[35mActiveRecord::SchemaMigration Load (0.2ms)[0m  SELECT "schema_migrations".* FROM "schema_migrations"
Migrating to CreatePosts (20140821003743)
  [1m[36m (0.1ms)[0m  [1mbegin transaction[0m
  [1m[35m (0.5ms)[0m  CREATE TABLE "posts" ("id" INTEGER PRIMARY KEY AUTOINCREMENT NOT NULL, "title" varchar(255), "body" text, "created_at" datetime, "updated_at" datetime) 
  [1m[36mSQL (0.2ms)[0m  [1mINSERT INTO "schema_migrations" ("version") VALUES (?)[0m  [["version", "20140821003743"]]
  [1m[35m (1.8ms)[0m  commit transaction
Migrating to CreateComments (20140821003810)
  [1m[36m (0.1ms)[0m  [1mbegin transaction[0m
  [1m[35m (0.5ms)[0m  CREATE TABLE "comments" ("id" INTEGER PRIMARY KEY AUTOINCREMENT NOT NULL, "post_id" integer, "body" text, "created_at" datetime, "updated_at" datetime) 
  [1m[36mSQL (0.4ms)[0m  [1mINSERT INTO "schema_migrations" ("version") VALUES (?)[0m  [["version", "20140821003810"]]
  [1m[35m (2.2ms)[0m  commit transaction
  [1m[36mActiveRecord::SchemaMigration Load (0.1ms)[0m  [1mSELECT "schema_migrations".* FROM "schema_migrations"[0m


Started GET "/" for 127.0.0.1 at 2014-08-20 20:48:07 -0400
  [1m[36mActiveRecord::SchemaMigration Load (0.1ms)[0m  [1mSELECT "schema_migrations".* FROM "schema_migrations"[0m
Processing by Rails::WelcomeController#index as HTML
  Rendered /home/john/.rbenv/versions/2.1.2/lib/ruby/gems/2.1.0/gems/railties-4.1.4/lib/rails/templates/rails/welcome/index.html.erb (1.7ms)
Completed 200 OK in 18ms (Views: 10.3ms | ActiveRecord: 0.0ms)


Started GET "/" for 127.0.0.1 at 2014-09-07 19:25:10 -0400
  [1m[36mActiveRecord::SchemaMigration Load (0.2ms)[0m  [1mSELECT "schema_migrations".* FROM "schema_migrations"[0m
Processing by Rails::WelcomeController#index as HTML
  Rendered /home/jnieves/.rvm/gems/ruby-2.1.2/gems/railties-4.1.4/lib/rails/templates/rails/welcome/index.html.erb (3.1ms)
Completed 200 OK in 21ms (Views: 10.1ms | ActiveRecord: 0.0ms)


Started GET "/rails/info/properties" for 127.0.0.1 at 2014-09-07 19:26:01 -0400
Processing by Rails::InfoController#properties as */*
  [1m[35mActiveRecord::SchemaMigration Load (0.2ms)[0m  SELECT "schema_migrations".* FROM "schema_migrations"
  Rendered /home/jnieves/.rvm/gems/ruby-2.1.2/gems/railties-4.1.4/lib/rails/templates/rails/info/properties.html.erb (0.5ms)
Completed 200 OK in 17ms (Views: 12.4ms | ActiveRecord: 0.4ms)
  [1m[36m (0.2ms)[0m  [1mbegin transaction[0m
  [1m[35mSQL (1.0ms)[0m  INSERT INTO "posts" ("body", "created_at", "title", "updated_at") VALUES (?, ?, ?, ?)  [["body", "Life is Great"], ["created_at", "2014-09-07 23:44:40.498439"], ["title", "My First Post"], ["updated_at", "2014-09-07 23:44:40.498439"]]
  [1m[36m (157.2ms)[0m  [1mcommit transaction[0m
  [1m[35mPost Load (0.2ms)[0m  SELECT "posts".* FROM "posts"
  [1m[36mPost Load (0.3ms)[0m  [1mSELECT  "posts".* FROM "posts"   ORDER BY "posts"."id" ASC LIMIT 1[0m
  [1m[35mPost Load (0.2ms)[0m  SELECT "posts".* FROM "posts"
  [1m[36mPost Load (1.6ms)[0m  [1mSELECT "posts".* FROM "posts"[0m
  [1m[36mPost Load (2.0ms)[0m  [1mSELECT "posts".* FROM "posts"[0m
  [1m[35mComment Load (0.3ms)[0m  SELECT "comments".* FROM "comments"  WHERE "comments"."post_id" = ?  [["post_id", 1]]
  [1m[36mComment Load (1.6ms)[0m  [1mSELECT "comments".* FROM "comments"[0m


Started GET "/posts" for 127.0.0.1 at 2014-09-07 19:57:45 -0400
  [1m[36mActiveRecord::SchemaMigration Load (0.2ms)[0m  [1mSELECT "schema_migrations".* FROM "schema_migrations"[0m
Processing by PostsController#index as HTML
  [1m[35mPost Load (0.6ms)[0m  SELECT "posts".* FROM "posts"
  Rendered posts/index.html.erb within layouts/application (11.3ms)
Completed 200 OK in 900ms (Views: 879.8ms | ActiveRecord: 1.7ms)


Started GET "/assets/comments.css?body=1" for 127.0.0.1 at 2014-09-07 19:57:46 -0400


Started GET "/assets/posts.css?body=1" for 127.0.0.1 at 2014-09-07 19:57:46 -0400


Started GET "/assets/scaffolds.css?body=1" for 127.0.0.1 at 2014-09-07 19:57:46 -0400


Started GET "/assets/application.css?body=1" for 127.0.0.1 at 2014-09-07 19:57:46 -0400


Started GET "/assets/jquery.js?body=1" for 127.0.0.1 at 2014-09-07 19:57:46 -0400


Started GET "/assets/jquery_ujs.js?body=1" for 127.0.0.1 at 2014-09-07 19:57:46 -0400


Started GET "/assets/turbolinks.js?body=1" for 127.0.0.1 at 2014-09-07 19:57:46 -0400


Started GET "/assets/comments.js?body=1" for 127.0.0.1 at 2014-09-07 19:57:46 -0400


Started GET "/assets/posts.js?body=1" for 127.0.0.1 at 2014-09-07 19:57:46 -0400


Started GET "/assets/application.js?body=1" for 127.0.0.1 at 2014-09-07 19:57:47 -0400


Started GET "/comments" for 127.0.0.1 at 2014-09-07 19:58:11 -0400
Processing by CommentsController#index as HTML
  [1m[36mComment Load (0.2ms)[0m  [1mSELECT "comments".* FROM "comments"[0m
  Rendered comments/index.html.erb within layouts/application (2.5ms)
Completed 200 OK in 27ms (Views: 17.8ms | ActiveRecord: 0.2ms)


Started GET "/posts" for 127.0.0.1 at 2014-09-07 19:58:17 -0400
Processing by PostsController#index as HTML
  [1m[35mPost Load (0.2ms)[0m  SELECT "posts".* FROM "posts"
  Rendered posts/index.html.erb within layouts/application (2.7ms)
Completed 200 OK in 11ms (Views: 10.1ms | ActiveRecord: 0.2ms)


Started GET "/posts/new" for 127.0.0.1 at 2014-09-07 19:58:19 -0400
Processing by PostsController#new as HTML
  Rendered posts/_form.html.erb (70.5ms)
  Rendered posts/new.html.erb within layouts/application (93.9ms)
Completed 200 OK in 103ms (Views: 101.8ms | ActiveRecord: 0.0ms)


Started POST "/posts" for 127.0.0.1 at 2014-09-07 19:58:29 -0400
Processing by PostsController#create as HTML
  Parameters: {"utf8"=>"✓", "authenticity_token"=>"ckgcFAtjlQAmAItlMPZpQL/S6gRrGzR+lQUQK7X0K3A=", "post"=>{"title"=>"Hello", "body"=>"Body 1"}, "commit"=>"Create Post"}
  [1m[36m (0.2ms)[0m  [1mbegin transaction[0m
  [1m[35mSQL (1.3ms)[0m  INSERT INTO "posts" ("body", "created_at", "title", "updated_at") VALUES (?, ?, ?, ?)  [["body", "Body 1"], ["created_at", "2014-09-07 23:58:29.122850"], ["title", "Hello"], ["updated_at", "2014-09-07 23:58:29.122850"]]
  [1m[36m (211.4ms)[0m  [1mcommit transaction[0m
Redirected to http://localhost:3000/posts/2
Completed 302 Found in 234ms (ActiveRecord: 212.9ms)


Started GET "/posts/2" for 127.0.0.1 at 2014-09-07 19:58:29 -0400
Processing by PostsController#show as HTML
  Parameters: {"id"=>"2"}
  [1m[35mPost Load (1.7ms)[0m  SELECT  "posts".* FROM "posts"  WHERE "posts"."id" = ? LIMIT 1  [["id", 2]]
  Rendered posts/show.html.erb within layouts/application (1.5ms)
Completed 200 OK in 30ms (Views: 15.7ms | ActiveRecord: 1.7ms)


Started GET "/comments" for 127.0.0.1 at 2014-09-07 19:58:34 -0400
Processing by CommentsController#index as HTML
  [1m[36mComment Load (0.2ms)[0m  [1mSELECT "comments".* FROM "comments"[0m
  Rendered comments/index.html.erb within layouts/application (4.9ms)
Completed 200 OK in 22ms (Views: 21.0ms | ActiveRecord: 0.2ms)


Started GET "/comments/new" for 127.0.0.1 at 2014-09-07 19:58:37 -0400
Processing by CommentsController#new as HTML
  Rendered comments/_form.html.erb (30.9ms)
  Rendered comments/new.html.erb within layouts/application (36.8ms)
Completed 200 OK in 48ms (Views: 45.9ms | ActiveRecord: 0.5ms)


Started POST "/comments" for 127.0.0.1 at 2014-09-07 19:58:47 -0400
Processing by CommentsController#create as HTML
  Parameters: {"utf8"=>"✓", "authenticity_token"=>"ckgcFAtjlQAmAItlMPZpQL/S6gRrGzR+lQUQK7X0K3A=", "comment"=>{"post_id"=>"1", "body"=>"what is this??"}, "commit"=>"Create Comment"}
  [1m[35m (0.1ms)[0m  begin transaction
  [1m[36mSQL (0.5ms)[0m  [1mINSERT INTO "comments" ("body", "created_at", "post_id", "updated_at") VALUES (?, ?, ?, ?)[0m  [["body", "what is this??"], ["created_at", "2014-09-07 23:58:47.534227"], ["post_id", 1], ["updated_at", "2014-09-07 23:58:47.534227"]]
  [1m[35m (153.4ms)[0m  commit transaction
Redirected to http://localhost:3000/comments/1
Completed 302 Found in 162ms (ActiveRecord: 154.0ms)


Started GET "/comments/1" for 127.0.0.1 at 2014-09-07 19:58:47 -0400
Processing by CommentsController#show as HTML
  Parameters: {"id"=>"1"}
  [1m[36mComment Load (0.2ms)[0m  [1mSELECT  "comments".* FROM "comments"  WHERE "comments"."id" = ? LIMIT 1[0m  [["id", 1]]
  Rendered comments/show.html.erb within layouts/application (10.5ms)
Completed 200 OK in 41ms (Views: 30.7ms | ActiveRecord: 0.2ms)


Started GET "/posts" for 127.0.0.1 at 2014-09-07 19:58:51 -0400
Processing by PostsController#index as HTML
  [1m[35mPost Load (0.4ms)[0m  SELECT "posts".* FROM "posts"
  Rendered posts/index.html.erb within layouts/application (4.1ms)
Completed 200 OK in 27ms (Views: 25.3ms | ActiveRecord: 0.4ms)


Started GET "/posts/1" for 127.0.0.1 at 2014-09-07 19:58:54 -0400
Processing by PostsController#show as HTML
  Parameters: {"id"=>"1"}
  [1m[36mPost Load (0.1ms)[0m  [1mSELECT  "posts".* FROM "posts"  WHERE "posts"."id" = ? LIMIT 1[0m  [["id", 1]]
  Rendered posts/show.html.erb within layouts/application (1.2ms)
Completed 200 OK in 15ms (Views: 13.3ms | ActiveRecord: 0.1ms)


Started GET "/posts" for 127.0.0.1 at 2014-09-07 19:58:56 -0400
Processing by PostsController#index as HTML
  [1m[35mPost Load (0.2ms)[0m  SELECT "posts".* FROM "posts"
  Rendered posts/index.html.erb within layouts/application (5.8ms)
Completed 200 OK in 15ms (Views: 14.5ms | ActiveRecord: 0.2ms)


Started GET "/posts/2" for 127.0.0.1 at 2014-09-07 19:58:58 -0400
Processing by PostsController#show as HTML
  Parameters: {"id"=>"2"}
  [1m[36mPost Load (0.1ms)[0m  [1mSELECT  "posts".* FROM "posts"  WHERE "posts"."id" = ? LIMIT 1[0m  [["id", 2]]
  Rendered posts/show.html.erb within layouts/application (0.5ms)
Completed 200 OK in 11ms (Views: 9.7ms | ActiveRecord: 0.1ms)


Started GET "/posts" for 127.0.0.1 at 2014-09-07 19:59:00 -0400
Processing by PostsController#index as HTML
  [1m[35mPost Load (0.2ms)[0m  SELECT "posts".* FROM "posts"
  Rendered posts/index.html.erb within layouts/application (2.0ms)
Completed 200 OK in 12ms (Views: 11.3ms | ActiveRecord: 0.2ms)


Started GET "/posts/1/comments" for 127.0.0.1 at 2014-09-07 19:59:14 -0400
Processing by CommentsController#index as HTML
  Parameters: {"post_id"=>"1"}
  [1m[36mComment Load (0.3ms)[0m  [1mSELECT "comments".* FROM "comments"[0m
  Rendered comments/index.html.erb within layouts/application (2.7ms)
Completed 200 OK in 11ms (Views: 9.8ms | ActiveRecord: 0.3ms)


Started GET "/posts/2/comments" for 127.0.0.1 at 2014-09-07 19:59:21 -0400
Processing by CommentsController#index as HTML
  Parameters: {"post_id"=>"2"}
  [1m[35mComment Load (0.2ms)[0m  SELECT "comments".* FROM "comments"
  Rendered comments/index.html.erb within layouts/application (1.8ms)
Completed 200 OK in 13ms (Views: 11.9ms | ActiveRecord: 0.2ms)


Started GET "/posts/2/" for 127.0.0.1 at 2014-09-07 19:59:26 -0400
Processing by PostsController#show as HTML
  Parameters: {"id"=>"2"}
  [1m[36mPost Load (0.1ms)[0m  [1mSELECT  "posts".* FROM "posts"  WHERE "posts"."id" = ? LIMIT 1[0m  [["id", 2]]
  Rendered posts/show.html.erb within layouts/application (0.7ms)
Completed 200 OK in 15ms (Views: 12.9ms | ActiveRecord: 0.1ms)


Started GET "/posts/1/" for 127.0.0.1 at 2014-09-07 19:59:31 -0400
Processing by PostsController#show as HTML
  Parameters: {"id"=>"1"}
  [1m[35mPost Load (0.1ms)[0m  SELECT  "posts".* FROM "posts"  WHERE "posts"."id" = ? LIMIT 1  [["id", 1]]
  Rendered posts/show.html.erb within layouts/application (0.4ms)
Completed 200 OK in 14ms (Views: 10.2ms | ActiveRecord: 0.1ms)


Started GET "/posts" for 127.0.0.1 at 2014-09-07 19:59:33 -0400
Processing by PostsController#index as HTML
  [1m[36mPost Load (0.3ms)[0m  [1mSELECT "posts".* FROM "posts"[0m
  Rendered posts/index.html.erb within layouts/application (2.7ms)
Completed 200 OK in 16ms (Views: 14.6ms | ActiveRecord: 0.3ms)


Started GET "/comments" for 127.0.0.1 at 2014-09-07 19:59:39 -0400
Processing by CommentsController#index as HTML
  [1m[35mComment Load (0.2ms)[0m  SELECT "comments".* FROM "comments"
  Rendered comments/index.html.erb within layouts/application (1.6ms)
Completed 200 OK in 17ms (Views: 15.5ms | ActiveRecord: 0.2ms)


Started GET "/comments/new" for 127.0.0.1 at 2014-09-07 19:59:42 -0400
Processing by CommentsController#new as HTML
  Rendered comments/_form.html.erb (2.7ms)
  Rendered comments/new.html.erb within layouts/application (4.4ms)
Completed 200 OK in 12ms (Views: 10.9ms | ActiveRecord: 0.0ms)


Started POST "/comments" for 127.0.0.1 at 2014-09-07 19:59:53 -0400
Processing by CommentsController#create as HTML
  Parameters: {"utf8"=>"✓", "authenticity_token"=>"ckgcFAtjlQAmAItlMPZpQL/S6gRrGzR+lQUQK7X0K3A=", "comment"=>{"post_id"=>"2", "body"=>"This is tied to post 2"}, "commit"=>"Create Comment"}
  [1m[36m (0.1ms)[0m  [1mbegin transaction[0m
  [1m[35mSQL (0.3ms)[0m  INSERT INTO "comments" ("body", "created_at", "post_id", "updated_at") VALUES (?, ?, ?, ?)  [["body", "This is tied to post 2"], ["created_at", "2014-09-07 23:59:53.599176"], ["post_id", 2], ["updated_at", "2014-09-07 23:59:53.599176"]]
  [1m[36m (145.8ms)[0m  [1mcommit transaction[0m
Redirected to http://localhost:3000/comments/2
Completed 302 Found in 153ms (ActiveRecord: 146.3ms)


Started GET "/comments/2" for 127.0.0.1 at 2014-09-07 19:59:53 -0400
Processing by CommentsController#show as HTML
  Parameters: {"id"=>"2"}
  [1m[35mComment Load (0.2ms)[0m  SELECT  "comments".* FROM "comments"  WHERE "comments"."id" = ? LIMIT 1  [["id", 2]]
  Rendered comments/show.html.erb within layouts/application (1.1ms)
Completed 200 OK in 16ms (Views: 12.6ms | ActiveRecord: 0.2ms)


Started GET "/posts" for 127.0.0.1 at 2014-09-07 19:59:57 -0400
Processing by PostsController#index as HTML
  [1m[36mPost Load (0.2ms)[0m  [1mSELECT "posts".* FROM "posts"[0m
  Rendered posts/index.html.erb within layouts/application (1.9ms)
Completed 200 OK in 10ms (Views: 7.9ms | ActiveRecord: 0.2ms)


Started GET "/assets/comments.css?body=1" for 127.0.0.1 at 2014-09-07 19:59:57 -0400


Started GET "/assets/posts.css?body=1" for 127.0.0.1 at 2014-09-07 19:59:58 -0400


Started GET "/assets/jquery.js?body=1" for 127.0.0.1 at 2014-09-07 19:59:58 -0400


Started GET "/assets/application.css?body=1" for 127.0.0.1 at 2014-09-07 19:59:58 -0400


Started GET "/assets/scaffolds.css?body=1" for 127.0.0.1 at 2014-09-07 19:59:58 -0400


Started GET "/assets/turbolinks.js?body=1" for 127.0.0.1 at 2014-09-07 19:59:58 -0400


Started GET "/assets/jquery_ujs.js?body=1" for 127.0.0.1 at 2014-09-07 19:59:58 -0400


Started GET "/assets/comments.js?body=1" for 127.0.0.1 at 2014-09-07 19:59:58 -0400


Started GET "/assets/posts.js?body=1" for 127.0.0.1 at 2014-09-07 19:59:58 -0400


Started GET "/assets/application.js?body=1" for 127.0.0.1 at 2014-09-07 19:59:58 -0400


Started GET "/posts/2/comments" for 127.0.0.1 at 2014-09-07 20:00:00 -0400
Processing by CommentsController#index as HTML
  Parameters: {"post_id"=>"2"}
  [1m[35mComment Load (0.2ms)[0m  SELECT "comments".* FROM "comments"
  Rendered comments/index.html.erb within layouts/application (11.4ms)
Completed 200 OK in 21ms (Views: 19.5ms | ActiveRecord: 0.2ms)


Started GET "/posts/comments" for 127.0.0.1 at 2014-09-07 20:00:08 -0400
Processing by PostsController#show as HTML
  Parameters: {"id"=>"comments"}
  [1m[36mPost Load (0.1ms)[0m  [1mSELECT  "posts".* FROM "posts"  WHERE "posts"."id" = ? LIMIT 1[0m  [["id", 0]]
Completed 404 Not Found in 11ms

ActiveRecord::RecordNotFound (Couldn't find Post with 'id'=comments):
  app/controllers/posts_controller.rb:67:in `set_post'


  Rendered /home/jnieves/.rvm/gems/ruby-2.1.2/gems/actionpack-4.1.4/lib/action_dispatch/middleware/templates/rescues/_source.erb (30.3ms)
  Rendered /home/jnieves/.rvm/gems/ruby-2.1.2/gems/actionpack-4.1.4/lib/action_dispatch/middleware/templates/rescues/_trace.html.erb (1.7ms)
  Rendered /home/jnieves/.rvm/gems/ruby-2.1.2/gems/actionpack-4.1.4/lib/action_dispatch/middleware/templates/rescues/_request_and_response.html.erb (2.6ms)
  Rendered /home/jnieves/.rvm/gems/ruby-2.1.2/gems/actionpack-4.1.4/lib/action_dispatch/middleware/templates/rescues/diagnostics.erb within rescues/layout (100.4ms)


Started GET "/posts/comments" for 127.0.0.1 at 2014-09-07 20:00:16 -0400
Processing by PostsController#show as HTML
  Parameters: {"id"=>"comments"}
  [1m[35mPost Load (0.1ms)[0m  SELECT  "posts".* FROM "posts"  WHERE "posts"."id" = ? LIMIT 1  [["id", 0]]
Completed 404 Not Found in 2ms

ActiveRecord::RecordNotFound (Couldn't find Post with 'id'=comments):
  app/controllers/posts_controller.rb:67:in `set_post'


  Rendered /home/jnieves/.rvm/gems/ruby-2.1.2/gems/actionpack-4.1.4/lib/action_dispatch/middleware/templates/rescues/_source.erb (1.0ms)
  Rendered /home/jnieves/.rvm/gems/ruby-2.1.2/gems/actionpack-4.1.4/lib/action_dispatch/middleware/templates/rescues/_trace.html.erb (3.4ms)
  Rendered /home/jnieves/.rvm/gems/ruby-2.1.2/gems/actionpack-4.1.4/lib/action_dispatch/middleware/templates/rescues/_request_and_response.html.erb (1.5ms)
  Rendered /home/jnieves/.rvm/gems/ruby-2.1.2/gems/actionpack-4.1.4/lib/action_dispatch/middleware/templates/rescues/diagnostics.erb within rescues/layout (22.8ms)


Started GET "/posts" for 127.0.0.1 at 2014-09-07 21:20:05 -0400
  [1m[36mActiveRecord::SchemaMigration Load (0.2ms)[0m  [1mSELECT "schema_migrations".* FROM "schema_migrations"[0m
Processing by PostsController#index as HTML
  [1m[35mPost Load (0.3ms)[0m  SELECT "posts".* FROM "posts"
  Rendered posts/index.html.erb within layouts/application (14.3ms)
Completed 200 OK in 156ms (Views: 100.7ms | ActiveRecord: 0.8ms)


Started GET "/assets/comments.css?body=1" for 127.0.0.1 at 2014-09-07 21:20:06 -0400


Started GET "/assets/posts.css?body=1" for 127.0.0.1 at 2014-09-07 21:20:06 -0400


Started GET "/assets/scaffolds.css?body=1" for 127.0.0.1 at 2014-09-07 21:20:06 -0400


Started GET "/assets/application.css?body=1" for 127.0.0.1 at 2014-09-07 21:20:06 -0400


Started GET "/assets/jquery.js?body=1" for 127.0.0.1 at 2014-09-07 21:20:06 -0400


Started GET "/assets/jquery_ujs.js?body=1" for 127.0.0.1 at 2014-09-07 21:20:06 -0400


Started GET "/assets/turbolinks.js?body=1" for 127.0.0.1 at 2014-09-07 21:20:06 -0400


Started GET "/assets/comments.js?body=1" for 127.0.0.1 at 2014-09-07 21:20:06 -0400


Started GET "/assets/posts.js?body=1" for 127.0.0.1 at 2014-09-07 21:20:06 -0400


Started GET "/assets/application.js?body=1" for 127.0.0.1 at 2014-09-07 21:20:06 -0400


Started GET "/posts/new" for 127.0.0.1 at 2014-09-07 21:20:08 -0400
Processing by PostsController#new as HTML
  Rendered posts/_form.html.erb (129.3ms)
  Rendered posts/new.html.erb within layouts/application (160.9ms)
Completed 200 OK in 170ms (Views: 168.0ms | ActiveRecord: 0.0ms)


Started POST "/posts" for 127.0.0.1 at 2014-09-07 21:20:11 -0400
Processing by PostsController#create as HTML
  Parameters: {"utf8"=>"✓", "authenticity_token"=>"ckgcFAtjlQAmAItlMPZpQL/S6gRrGzR+lQUQK7X0K3A=", "post"=>{"title"=>"a", "body"=>""}, "commit"=>"Create Post"}
  [1m[36m (0.2ms)[0m  [1mbegin transaction[0m
  [1m[35m (0.2ms)[0m  rollback transaction
  Rendered posts/_form.html.erb (7.3ms)
  Rendered posts/new.html.erb within layouts/application (12.2ms)
Completed 200 OK in 24ms (Views: 19.8ms | ActiveRecord: 0.4ms)


Started GET "/assets/comments.css?body=1" for 127.0.0.1 at 2014-09-07 21:20:11 -0400


Started GET "/assets/posts.css?body=1" for 127.0.0.1 at 2014-09-07 21:20:11 -0400


Started GET "/assets/scaffolds.css?body=1" for 127.0.0.1 at 2014-09-07 21:20:11 -0400


Started GET "/assets/application.css?body=1" for 127.0.0.1 at 2014-09-07 21:20:11 -0400


Started GET "/assets/jquery.js?body=1" for 127.0.0.1 at 2014-09-07 21:20:11 -0400


Started GET "/assets/turbolinks.js?body=1" for 127.0.0.1 at 2014-09-07 21:20:11 -0400


Started GET "/assets/comments.js?body=1" for 127.0.0.1 at 2014-09-07 21:20:11 -0400


Started GET "/assets/jquery_ujs.js?body=1" for 127.0.0.1 at 2014-09-07 21:20:11 -0400


Started GET "/assets/posts.js?body=1" for 127.0.0.1 at 2014-09-07 21:20:11 -0400


Started GET "/assets/application.js?body=1" for 127.0.0.1 at 2014-09-07 21:20:11 -0400


Started POST "/posts" for 127.0.0.1 at 2014-09-07 21:20:18 -0400
Processing by PostsController#create as HTML
  Parameters: {"utf8"=>"✓", "authenticity_token"=>"ckgcFAtjlQAmAItlMPZpQL/S6gRrGzR+lQUQK7X0K3A=", "post"=>{"title"=>"", "body"=>"a"}, "commit"=>"Create Post"}
  [1m[36m (0.1ms)[0m  [1mbegin transaction[0m
  [1m[35m (0.1ms)[0m  rollback transaction
  Rendered posts/_form.html.erb (2.1ms)
  Rendered posts/new.html.erb within layouts/application (2.9ms)
Completed 200 OK in 13ms (Views: 10.0ms | ActiveRecord: 0.2ms)


Started GET "/assets/comments.css?body=1" for 127.0.0.1 at 2014-09-07 21:20:18 -0400


Started GET "/assets/posts.css?body=1" for 127.0.0.1 at 2014-09-07 21:20:18 -0400


Started GET "/assets/scaffolds.css?body=1" for 127.0.0.1 at 2014-09-07 21:20:18 -0400


Started GET "/assets/application.css?body=1" for 127.0.0.1 at 2014-09-07 21:20:18 -0400


Started GET "/assets/jquery.js?body=1" for 127.0.0.1 at 2014-09-07 21:20:18 -0400


Started GET "/assets/jquery_ujs.js?body=1" for 127.0.0.1 at 2014-09-07 21:20:18 -0400


Started GET "/assets/turbolinks.js?body=1" for 127.0.0.1 at 2014-09-07 21:20:18 -0400


Started GET "/assets/comments.js?body=1" for 127.0.0.1 at 2014-09-07 21:20:18 -0400


Started GET "/assets/posts.js?body=1" for 127.0.0.1 at 2014-09-07 21:20:18 -0400


Started GET "/assets/application.js?body=1" for 127.0.0.1 at 2014-09-07 21:20:18 -0400
